<?xml version="1.0" encoding="UTF-8"?>
<!-- Generated by org.testng.reporters.JUnitXMLReporter -->
<testsuite ignored="3" hostname="anirudh-vivobook" failures="0" tests="1" name="test3" time="7.491" errors="0" timestamp="2024-04-12T17:24:23 IST">
  <testcase classname="testcases.RegisterTest" name="verifyRegisteringAccountWithExistingEmailAddress" time="6.064"/>
  <testcase classname="testcases.RegisterTest" name="verifyRegisteringAccountWithoutFillingAnyDetails" time="0.0">
    <ignored/>
  </testcase> <!-- verifyRegisteringAccountWithoutFillingAnyDetails -->
  <testcase classname="testcases.RegisterTest" name="verifyRegisteringAnAccountWithMandatoryFields" time="0.0">
    <ignored/>
  </testcase> <!-- verifyRegisteringAnAccountWithMandatoryFields -->
  <testcase classname="testcases.RegisterTest" name="verifyRegisteringAccountByProvidingAllFields" time="0.0">
    <ignored/>
  </testcase> <!-- verifyRegisteringAccountByProvidingAllFields -->
</testsuite> <!-- test3 -->
