<?xml version="1.0" encoding="UTF-8"?>
<!-- Generated by org.testng.reporters.JUnitXMLReporter -->
<testsuite ignored="0" hostname="anirudh-vivobook" failures="1" tests="7" name="Test1" time="64.436" errors="0" timestamp="2024-04-16T10:20:52 IST">
  <testcase classname="testcases.LoginTest" name="verifyLoginWithValidCredentials" time="2.265"/>
  <testcase classname="testcases.LoginTest" name="verifyLoginWithValidCredentials" time="2.631"/>
  <testcase classname="testcases.LoginTest" name="verifyLoginWithValidCredentials" time="2.503"/>
  <testcase classname="testcases.LoginTest" name="verifyLoginWithInvalidCredentials" time="1.961">
    <failure type="java.lang.AssertionError" message="Expected Warning message is not displayed expected [true] but found [false]">
      <![CDATA[java.lang.AssertionError: Expected Warning message is not displayed expected [true] but found [false]
at testcases.LoginTest.verifyLoginWithInvalidCredentials(LoginTest.java:86)
at java.base/java.util.ArrayList.forEach(ArrayList.java:1511)
... Removed 30 stack frames]]>
    </failure>
  </testcase> <!-- verifyLoginWithInvalidCredentials -->
  <testcase classname="testcases.LoginTest" name="verifyLoginWithInvalidEmailAndValidPassword" time="1.974"/>
  <testcase classname="testcases.LoginTest" name="verifyLoginWithValidEmailAndInvalidPassword" time="2.315"/>
  <testcase classname="testcases.LoginTest" name="verifyLoginWithoutProvidingCredentials" time="2.194"/>
</testsuite> <!-- Test1 -->
