<?xml version="1.0" encoding="UTF-8"?>
<!-- Generated by org.testng.reporters.JUnitXMLReporter -->
<testsuite ignored="3" hostname="anirudh-vivobook" failures="0" tests="1" name="test4" time="6.191" errors="0" timestamp="2024-04-12T17:24:29 IST">
  <testcase classname="testcases.RegisterTest" name="verifyRegisteringAccountWithoutFillingAnyDetails" time="4.803"/>
  <testcase classname="testcases.RegisterTest" name="verifyRegisteringAnAccountWithMandatoryFields" time="0.0">
    <ignored/>
  </testcase> <!-- verifyRegisteringAnAccountWithMandatoryFields -->
  <testcase classname="testcases.RegisterTest" name="verifyRegisteringAccountByProvidingAllFields" time="0.0">
    <ignored/>
  </testcase> <!-- verifyRegisteringAccountByProvidingAllFields -->
  <testcase classname="testcases.RegisterTest" name="verifyRegisteringAccountWithExistingEmailAddress" time="0.0">
    <ignored/>
  </testcase> <!-- verifyRegisteringAccountWithExistingEmailAddress -->
</testsuite> <!-- test4 -->
