<?xml version="1.0" encoding="UTF-8"?>
<!-- Generated by org.testng.reporters.JUnitXMLReporter -->
<testsuite ignored="0" hostname="anirudh-vivobook" failures="0" tests="3" name="Test2" time="10.348" errors="0" timestamp="2024-04-15T12:58:22 IST">
  <testcase classname="testcases.SearchTest" name="verifySearchWithValidProduct" time="5.078"/>
  <testcase classname="testcases.SearchTest" name="verifySearchWithInvalidProduct" time="1.541"/>
  <testcase classname="testcases.SearchTest" name="verifySearchWithoutAnyProduct" time="1.302"/>
</testsuite> <!-- Test2 -->
