<?xml version="1.0" encoding="UTF-8"?>
<!-- Generated by org.testng.reporters.JUnitXMLReporter -->
<testsuite ignored="4" hostname="anirudh-vivobook" failures="0" tests="1" name="verifyLoginWithValidEmailAndInvalidPassword" time="8.177" errors="0" timestamp="2024-04-12T14:28:14 IST">
  <testcase classname="testcases.LoginTest" name="verifyLoginWithValidEmailAndInvalidPassword" time="6.026"/>
  <testcase classname="testcases.LoginTest" name="verifyLoginWithValidCredentials" time="0.0">
    <ignored/>
  </testcase> <!-- verifyLoginWithValidCredentials -->
  <testcase classname="testcases.LoginTest" name="verifyLoginWithoutProvidingCredentials" time="0.0">
    <ignored/>
  </testcase> <!-- verifyLoginWithoutProvidingCredentials -->
  <testcase classname="testcases.LoginTest" name="verifyLoginWithInvalidEmailAndValidPassword" time="0.0">
    <ignored/>
  </testcase> <!-- verifyLoginWithInvalidEmailAndValidPassword -->
  <testcase classname="testcases.LoginTest" name="verifyLoginWithInvalidCredentials" time="0.0">
    <ignored/>
  </testcase> <!-- verifyLoginWithInvalidCredentials -->
</testsuite> <!-- verifyLoginWithValidEmailAndInvalidPassword -->
