<?xml version="1.0" encoding="UTF-8"?>
<!-- Generated by org.testng.reporters.JUnitXMLReporter -->
<testsuite ignored="4" hostname="anirudh-vivobook" failures="0" tests="1" name="verifyLoginWithInvalidEmailAndValidPassword" time="7.735" errors="0" timestamp="2024-04-12T14:28:06 IST">
  <testcase classname="testcases.LoginTest" name="verifyLoginWithInvalidEmailAndValidPassword" time="5.683"/>
  <testcase classname="testcases.LoginTest" name="verifyLoginWithoutProvidingCredentials" time="0.0">
    <ignored/>
  </testcase> <!-- verifyLoginWithoutProvidingCredentials -->
  <testcase classname="testcases.LoginTest" name="verifyLoginWithValidCredentials" time="0.0">
    <ignored/>
  </testcase> <!-- verifyLoginWithValidCredentials -->
  <testcase classname="testcases.LoginTest" name="verifyLoginWithValidEmailAndInvalidPassword" time="0.0">
    <ignored/>
  </testcase> <!-- verifyLoginWithValidEmailAndInvalidPassword -->
  <testcase classname="testcases.LoginTest" name="verifyLoginWithInvalidCredentials" time="0.0">
    <ignored/>
  </testcase> <!-- verifyLoginWithInvalidCredentials -->
</testsuite> <!-- verifyLoginWithInvalidEmailAndValidPassword -->
